
The coordinate (X) of the equilibrium point P in km is: 2.200449889667828E-01
The coordinate (Y) of the equilibrium point P in km is:-2.348913228095507E-01
The coordinate (Z) of the equilibrium point P in km is:-2.841247079126544E-03
-------------------------------------------------------------------

The gravitational potential (U) in km^2*sec^-2 at P is: 1.649311612243866E-08
-------------------------------------------------------------------

The first derivative       (Ux) in   km*sec^-2 at P is:-3.629464322617090E-08
The first derivative       (Uy) in   km*sec^-2 at P is: 3.874342605745844E-08
The first derivative       (Uz) in   km*sec^-2 at P is: 8.139119451672421E-20
-------------------------------------------------------------------

Length of the attraction vector in   km*sec^-2 at P is: 5.308817372621498E-08
phi   (angle to x-axis in degrees) : 133.13088
theta (angle to y-axis in degrees) :  43.13088
omega (angle to z-axis in degrees) :  90.00000

-------------------------------------------------------------------

The second  derivative    (Uxx) in     sec^-2 at P is: 9.098871851320906E-08
The second  derivative    (Uyy) in     sec^-2 at P is: 1.059124317044863E-07
The second  derivative    (Uzz) in     sec^-2 at P is:-1.969011502176955E-07

-------------------------------------------------------------------
The Laplace equation ( Uxx + Uyy + Uzz ) at P gives  :-1.588186776101813E-22
-------------------------------------------------------------------

The second  derivative    (Uxy) in     sec^-2 at P is:-2.564052886026202E-07
The second  derivative    (Uxz) in     sec^-2 at P is:-5.006696460866616E-10
The second  derivative    (Uyx) in     sec^-2 at P is:-2.564052886026202E-07
The second  derivative    (Uyz) in     sec^-2 at P is:-3.282425321961606E-09
The second  derivative    (Uzx) in     sec^-2 at P is:-5.006696460866616E-10
The second  derivative    (Uzy) in     sec^-2 at P is:-3.282425321961606E-09

-------------------------------------------------------------------

The Jacobi Constant (J) or (V) in km^2*sec^-2 at P is:-2.503659061125162E-08

-------------------------------------------------------------------

The Rotation Period in hours is: 4.297460000000000E+00
Density: 1.260000000000000E+12

