
The coordinate (X) of the equilibrium point P in km is:-2.246402132556584E-01
The coordinate (Y) of the equilibrium point P in km is: 2.306671148953351E-01
The coordinate (Z) of the equilibrium point P in km is:-7.300964585906221E-03
-------------------------------------------------------------------

The gravitational potential (U) in km^2*sec^-2 at P is: 1.650906785962468E-08
-------------------------------------------------------------------

The first derivative       (Ux) in   km*sec^-2 at P is: 3.705254842999258E-08
The first derivative       (Uy) in   km*sec^-2 at P is:-3.804662872741015E-08
The first derivative       (Uz) in   km*sec^-2 at P is: 3.134294656720277E-15
-------------------------------------------------------------------

Length of the attraction vector in   km*sec^-2 at P is: 5.310778947271621E-08
phi   (angle to x-axis in degrees) :  45.75837
theta (angle to y-axis in degrees) : 135.75837
omega (angle to z-axis in degrees) :  90.00000

-------------------------------------------------------------------

The second  derivative    (Uxx) in     sec^-2 at P is: 9.457481941292336E-08
The second  derivative    (Uyy) in     sec^-2 at P is: 9.906790883735023E-08
The second  derivative    (Uzz) in     sec^-2 at P is:-1.936427282502737E-07

-------------------------------------------------------------------
The Laplace equation ( Uxx + Uyy + Uzz ) at P gives  :-1.058791184067875E-22
-------------------------------------------------------------------

The second  derivative    (Uxy) in     sec^-2 at P is:-2.520472923366992E-07
The second  derivative    (Uxz) in     sec^-2 at P is:-1.224365390559442E-08
The second  derivative    (Uyx) in     sec^-2 at P is:-2.520472923366992E-07
The second  derivative    (Uyz) in     sec^-2 at P is: 7.899846509150861E-09
The second  derivative    (Uzx) in     sec^-2 at P is:-1.224365390559442E-08
The second  derivative    (Uzy) in     sec^-2 at P is: 7.899846509150861E-09

-------------------------------------------------------------------

The Jacobi Constant (J) or (V) in km^2*sec^-2 at P is:-2.505887715776852E-08

-------------------------------------------------------------------

The Rotation Period in hours is: 4.297460000000000E+00
Density: 1.260000000000000E+12

