
The coordinate (X) of the equilibrium point P in km is: 1.632490317760428E-01
The coordinate (Y) of the equilibrium point P in km is:-2.790224578650877E-01
The coordinate (Z) of the equilibrium point P in km is:-1.967287714459622E-03
-------------------------------------------------------------------

The gravitational potential (U) in km^2*sec^-2 at P is: 1.642411641444579E-08
-------------------------------------------------------------------

The first derivative       (Ux) in   km*sec^-2 at P is:-2.692659055443525E-08
The first derivative       (Uy) in   km*sec^-2 at P is: 4.602248204249957E-08
The first derivative       (Uz) in   km*sec^-2 at P is:-2.681344244262327E-16
-------------------------------------------------------------------

Length of the attraction vector in   km*sec^-2 at P is: 5.332082268906207E-08
phi   (angle to x-axis in degrees) : 120.33082
theta (angle to y-axis in degrees) :  30.33082
omega (angle to z-axis in degrees) :  90.00000

-------------------------------------------------------------------

The second  derivative    (Uxx) in     sec^-2 at P is:-2.544173844809567E-08
The second  derivative    (Uyy) in     sec^-2 at P is: 2.294658153993072E-07
The second  derivative    (Uzz) in     sec^-2 at P is:-2.040240769512122E-07

-------------------------------------------------------------------
The Laplace equation ( Uxx + Uyy + Uzz ) at P gives  :-6.088049308390284E-22
-------------------------------------------------------------------

The second  derivative    (Uxy) in     sec^-2 at P is:-2.423759483256865E-07
The second  derivative    (Uxz) in     sec^-2 at P is:-1.652893450480679E-09
The second  derivative    (Uyx) in     sec^-2 at P is:-2.423759483256865E-07
The second  derivative    (Uyz) in     sec^-2 at P is:-9.749351441653536E-10
The second  derivative    (Uzx) in     sec^-2 at P is:-1.652893450480679E-09
The second  derivative    (Uzy) in     sec^-2 at P is:-9.749351441653536E-10

-------------------------------------------------------------------

The Jacobi Constant (J) or (V) in km^2*sec^-2 at P is:-2.504264340870434E-08

-------------------------------------------------------------------

The Rotation Period in hours is: 4.297460000000000E+00
Density: 1.260000000000000E+12

