
The coordinate (X) of the equilibrium point P in km is:-1.514042491514274E-01
The coordinate (Y) of the equilibrium point P in km is: 2.861421675907759E-01
The coordinate (Z) of the equilibrium point P in km is:-7.945520921111842E-03
-------------------------------------------------------------------

The gravitational potential (U) in km^2*sec^-2 at P is: 1.643195749229422E-08
-------------------------------------------------------------------

The first derivative       (Ux) in   km*sec^-2 at P is: 2.497290767869228E-08
The first derivative       (Uy) in   km*sec^-2 at P is:-4.719683871527690E-08
The first derivative       (Uz) in   km*sec^-2 at P is: 1.050299923674720E-17
-------------------------------------------------------------------

Length of the attraction vector in   km*sec^-2 at P is: 5.339651395591615E-08
phi   (angle to x-axis in degrees) :  62.11568
theta (angle to y-axis in degrees) : 152.11568
omega (angle to z-axis in degrees) :  90.00000

-------------------------------------------------------------------

The second  derivative    (Uxx) in     sec^-2 at P is:-5.109740904749275E-08
The second  derivative    (Uyy) in     sec^-2 at P is: 2.500245752786794E-07
The second  derivative    (Uzz) in     sec^-2 at P is:-1.989271662311859E-07

-------------------------------------------------------------------
The Laplace equation ( Uxx + Uyy + Uzz ) at P gives  : 7.676236084492097E-22
-------------------------------------------------------------------

The second  derivative    (Uxy) in     sec^-2 at P is:-2.298899314936324E-07
The second  derivative    (Uxz) in     sec^-2 at P is:-7.004031152733602E-09
The second  derivative    (Uyx) in     sec^-2 at P is:-2.298899314936324E-07
The second  derivative    (Uyz) in     sec^-2 at P is: 1.543508703760479E-08
The second  derivative    (Uzx) in     sec^-2 at P is:-7.004031152733602E-09
The second  derivative    (Uzy) in     sec^-2 at P is: 1.543508703760479E-08

-------------------------------------------------------------------

The Jacobi Constant (J) or (V) in km^2*sec^-2 at P is:-2.507496255760814E-08

-------------------------------------------------------------------

The Rotation Period in hours is: 4.297460000000000E+00
Density: 1.260000000000000E+12

