
The coordinate (X) of the equilibrium point P in km is:-3.142661272975709E-01
The coordinate (Y) of the equilibrium point P in km is:-9.144617508767075E-02
The coordinate (Z) of the equilibrium point P in km is:-2.298176425442635E-03
-------------------------------------------------------------------

The gravitational potential (U) in km^2*sec^-2 at P is: 1.641179626893388E-08
-------------------------------------------------------------------

The first derivative       (Ux) in   km*sec^-2 at P is: 5.183567189858346E-08
The first derivative       (Uy) in   km*sec^-2 at P is: 1.508331794307578E-08
The first derivative       (Uz) in   km*sec^-2 at P is: 3.713451020868784E-16
-------------------------------------------------------------------

Length of the attraction vector in   km*sec^-2 at P is: 5.398558475509463E-08
phi   (angle to x-axis in degrees) :  16.22412
theta (angle to y-axis in degrees) :  73.77588
omega (angle to z-axis in degrees) :  90.00000

-------------------------------------------------------------------

The second  derivative    (Uxx) in     sec^-2 at P is: 3.481730590660421E-07
The second  derivative    (Uyy) in     sec^-2 at P is:-1.361607741099527E-07
The second  derivative    (Uzz) in     sec^-2 at P is:-2.120122849560915E-07

-------------------------------------------------------------------
The Laplace equation ( Uxx + Uyy + Uzz ) at P gives  :-2.091112588534054E-21
-------------------------------------------------------------------

The second  derivative    (Uxy) in     sec^-2 at P is: 1.507396033507488E-07
The second  derivative    (Uxz) in     sec^-2 at P is:-3.085811619442356E-09
The second  derivative    (Uyx) in     sec^-2 at P is: 1.507396033507488E-07
The second  derivative    (Uyz) in     sec^-2 at P is:-3.985449979409198E-10
The second  derivative    (Uzx) in     sec^-2 at P is:-3.085811619442356E-09
The second  derivative    (Uzy) in     sec^-2 at P is:-3.985449979409198E-10

-------------------------------------------------------------------

The Jacobi Constant (J) or (V) in km^2*sec^-2 at P is:-2.524654755237329E-08

-------------------------------------------------------------------

The Rotation Period in hours is: 4.297460000000000E+00
Density: 1.260000000000000E+12

