
The coordinate (X) of the equilibrium point P in km is: 1.285394136584514E-01
The coordinate (Y) of the equilibrium point P in km is: 2.911264895443886E-01
The coordinate (Z) of the equilibrium point P in km is:-2.479450846801604E-03
-------------------------------------------------------------------

The gravitational potential (U) in km^2*sec^-2 at P is: 1.653228647855866E-08
-------------------------------------------------------------------

The first derivative       (Ux) in   km*sec^-2 at P is:-2.120153614508627E-08
The first derivative       (Uy) in   km*sec^-2 at P is:-4.801896144528051E-08
The first derivative       (Uz) in   km*sec^-2 at P is:-4.858506481899969E-17
-------------------------------------------------------------------

Length of the attraction vector in   km*sec^-2 at P is: 5.249119729244833E-08
phi   (angle to x-axis in degrees) : 113.82262
theta (angle to y-axis in degrees) : 156.17738
omega (angle to z-axis in degrees) :  90.00000

-------------------------------------------------------------------

The second  derivative    (Uxx) in     sec^-2 at P is:-7.203536201090612E-08
The second  derivative    (Uyy) in     sec^-2 at P is: 2.569096342325114E-07
The second  derivative    (Uzz) in     sec^-2 at P is:-1.848742722216086E-07

-------------------------------------------------------------------
The Laplace equation ( Uxx + Uyy + Uzz ) at P gives  :-3.335192229813808E-21
-------------------------------------------------------------------

The second  derivative    (Uxy) in     sec^-2 at P is: 1.827668324080151E-07
The second  derivative    (Uxz) in     sec^-2 at P is: 1.477526744268295E-09
The second  derivative    (Uyx) in     sec^-2 at P is: 1.827668324080151E-07
The second  derivative    (Uyz) in     sec^-2 at P is: 4.809324863216425E-10
The second  derivative    (Uzx) in     sec^-2 at P is: 1.477526744268295E-09
The second  derivative    (Uzy) in     sec^-2 at P is: 4.809324863216425E-10

-------------------------------------------------------------------

The Jacobi Constant (J) or (V) in km^2*sec^-2 at P is:-2.488469909720395E-08

-------------------------------------------------------------------

The Rotation Period in hours is: 4.297460000000000E+00
Density: 1.260000000000000E+12

