
The coordinate (X) of the equilibrium point P in km is:-2.358294945847916E-02
The coordinate (Y) of the equilibrium point P in km is:-3.192178165083825E-01
The coordinate (Z) of the equilibrium point P in km is: 2.419086946801677E-04
-------------------------------------------------------------------

The gravitational potential (U) in km^2*sec^-2 at P is: 1.650599289152984E-08
-------------------------------------------------------------------

The first derivative       (Ux) in   km*sec^-2 at P is: 3.889814862411276E-09
The first derivative       (Uy) in   km*sec^-2 at P is: 5.265241077749893E-08
The first derivative       (Uz) in   km*sec^-2 at P is:-3.932742070218198E-17
-------------------------------------------------------------------

Length of the attraction vector in   km*sec^-2 at P is: 5.279589965467320E-08
phi   (angle to x-axis in degrees) :  85.77482
theta (angle to y-axis in degrees) :   4.22518
omega (angle to z-axis in degrees) :  90.00000

-------------------------------------------------------------------

The second  derivative    (Uxx) in     sec^-2 at P is:-1.518050917235905E-07
The second  derivative    (Uyy) in     sec^-2 at P is: 3.414241199261408E-07
The second  derivative    (Uzz) in     sec^-2 at P is:-1.896190282025498E-07

-------------------------------------------------------------------
The Laplace equation ( Uxx + Uyy + Uzz ) at P gives  : 5.029258124322408E-22
-------------------------------------------------------------------

The second  derivative    (Uxy) in     sec^-2 at P is: 3.758875289145826E-08
The second  derivative    (Uxz) in     sec^-2 at P is: 9.683208563537057E-10
The second  derivative    (Uyx) in     sec^-2 at P is: 3.758875289145826E-08
The second  derivative    (Uyz) in     sec^-2 at P is: 5.597806391332613E-09
The second  derivative    (Uzx) in     sec^-2 at P is: 9.683208563537057E-10
The second  derivative    (Uzy) in     sec^-2 at P is: 5.597806391332613E-09

-------------------------------------------------------------------

The Jacobi Constant (J) or (V) in km^2*sec^-2 at P is:-2.495565164678940E-08

-------------------------------------------------------------------

The Rotation Period in hours is: 4.297460000000000E+00
Density: 1.260000000000000E+12

