
The coordinate (X) of the equilibrium point P in km is:-2.246412555907552E-01
The coordinate (Y) of the equilibrium point P in km is: 2.306665139285747E-01
The coordinate (Z) of the equilibrium point P in km is:-7.300971228309190E-03
-------------------------------------------------------------------

The gravitational potential (U) in km^2*sec^-2 at P is: 1.650905210312355E-08
-------------------------------------------------------------------

The first derivative       (Ux) in   km*sec^-2 at P is: 3.705260140389187E-08
The first derivative       (Uy) in   km*sec^-2 at P is:-3.804642559855522E-08
The first derivative       (Uz) in   km*sec^-2 at P is: 1.243497087274135E-14
-------------------------------------------------------------------

Length of the attraction vector in   km*sec^-2 at P is: 5.310768090984808E-08
phi   (angle to x-axis in degrees) :  45.75818
theta (angle to y-axis in degrees) : 135.75818
omega (angle to z-axis in degrees) :  89.99999

-------------------------------------------------------------------

The second  derivative    (Uxx) in     sec^-2 at P is: 9.457591183232730E-08
The second  derivative    (Uyy) in     sec^-2 at P is: 9.906610998569448E-08
The second  derivative    (Uzz) in     sec^-2 at P is:-1.936420218180218E-07

-------------------------------------------------------------------
The Laplace equation ( Uxx + Uyy + Uzz ) at P gives  : 2.646977960169689E-23
-------------------------------------------------------------------

The second  derivative    (Uxy) in     sec^-2 at P is:-2.520464649479818E-07
The second  derivative    (Uxz) in     sec^-2 at P is:-1.224348393933910E-08
The second  derivative    (Uyx) in     sec^-2 at P is:-2.520464649479818E-07
The second  derivative    (Uyz) in     sec^-2 at P is: 7.899614915437745E-09
The second  derivative    (Uzx) in     sec^-2 at P is:-1.224348393933910E-08
The second  derivative    (Uzy) in     sec^-2 at P is: 7.899614915437745E-09

-------------------------------------------------------------------

The Jacobi Constant (J) or (V) in km^2*sec^-2 at P is:-2.505887715781178E-08

-------------------------------------------------------------------

The Rotation Period in hours is: 4.297460000000000E+00
Density: 1.260000000000000E+12

