
The coordinate (X) of the equilibrium point P in km is: 3.277298420104281E-01
The coordinate (Y) of the equilibrium point P in km is: 1.878981495945937E-02
The coordinate (Z) of the equilibrium point P in km is:-3.226780012189862E-03
-------------------------------------------------------------------

The gravitational potential (U) in km^2*sec^-2 at P is: 1.639581788691316E-08
-------------------------------------------------------------------

The first derivative       (Ux) in   km*sec^-2 at P is:-5.405638256762732E-08
The first derivative       (Uy) in   km*sec^-2 at P is:-3.099228051527052E-09
The first derivative       (Uz) in   km*sec^-2 at P is: 5.875978828890811E-16
-------------------------------------------------------------------

Length of the attraction vector in   km*sec^-2 at P is: 5.414515408430430E-08
phi   (angle to x-axis in degrees) : 176.71864
theta (angle to y-axis in degrees) :  93.28136
omega (angle to z-axis in degrees) :  90.00000

-------------------------------------------------------------------

The second  derivative    (Uxx) in     sec^-2 at P is: 3.975036085155756E-07
The second  derivative    (Uyy) in     sec^-2 at P is:-1.847177160768253E-07
The second  derivative    (Uzz) in     sec^-2 at P is:-2.127858924387526E-07

-------------------------------------------------------------------
The Laplace equation ( Uxx + Uyy + Uzz ) at P gives  :-2.302870825347629E-21
-------------------------------------------------------------------

The second  derivative    (Uxy) in     sec^-2 at P is: 3.125716934239106E-08
The second  derivative    (Uxz) in     sec^-2 at P is: 2.169417964039432E-09
The second  derivative    (Uyx) in     sec^-2 at P is: 3.125716934239106E-08
The second  derivative    (Uyz) in     sec^-2 at P is: 2.497525939621561E-09
The second  derivative    (Uzx) in     sec^-2 at P is: 2.169417964039432E-09
The second  derivative    (Uzy) in     sec^-2 at P is: 2.497525939621561E-09

-------------------------------------------------------------------

The Jacobi Constant (J) or (V) in km^2*sec^-2 at P is:-2.528288089537072E-08

-------------------------------------------------------------------

The Rotation Period in hours is: 4.297460000000000E+00
Density: 1.260000000000000E+12

