
The coordinate (X) of the equilibrium point P in km is: 2.201173473179296E-01
The coordinate (Y) of the equilibrium point P in km is:-2.348210592553369E-01
The coordinate (Z) of the equilibrium point P in km is:-2.842522554763641E-03
-------------------------------------------------------------------

The gravitational potential (U) in km^2*sec^-2 at P is: 1.649321134896281E-08
-------------------------------------------------------------------

The first derivative       (Ux) in   km*sec^-2 at P is:-3.630606894292959E-08
The first derivative       (Uy) in   km*sec^-2 at P is: 3.873231431528316E-08
The first derivative       (Uz) in   km*sec^-2 at P is:-1.568813817011252E-14
-------------------------------------------------------------------

Length of the attraction vector in   km*sec^-2 at P is: 5.308787822381764E-08
phi   (angle to x-axis in degrees) : 133.14808
theta (angle to y-axis in degrees) :  43.14808
omega (angle to z-axis in degrees) :  90.00002

-------------------------------------------------------------------

The second  derivative    (Uxx) in     sec^-2 at P is: 9.113101194606138E-08
The second  derivative    (Uyy) in     sec^-2 at P is: 1.057609476313489E-07
The second  derivative    (Uzz) in     sec^-2 at P is:-1.968919595774108E-07

-------------------------------------------------------------------
The Laplace equation ( Uxx + Uyy + Uzz ) at P gives  :-5.823351512373315E-22
-------------------------------------------------------------------

The second  derivative    (Uxy) in     sec^-2 at P is:-2.563867091326517E-07
The second  derivative    (Uxz) in     sec^-2 at P is:-4.964751810591395E-10
The second  derivative    (Uyx) in     sec^-2 at P is:-2.563867091326517E-07
The second  derivative    (Uyz) in     sec^-2 at P is:-3.285674752322644E-09
The second  derivative    (Uzx) in     sec^-2 at P is:-4.964751810591395E-10
The second  derivative    (Uzy) in     sec^-2 at P is:-3.285674752322644E-09

-------------------------------------------------------------------

The Jacobi Constant (J) or (V) in km^2*sec^-2 at P is:-2.503659064645030E-08

-------------------------------------------------------------------

The Rotation Period in hours is: 4.297460000000000E+00
Density: 1.260000000000000E+12

