
The coordinate (X) of the equilibrium point P in km is:-2.246911573025609E-01
The coordinate (Y) of the equilibrium point P in km is: 2.306164696438580E-01
The coordinate (Z) of the equilibrium point P in km is:-7.299887593146074E-03
-------------------------------------------------------------------

The gravitational potential (U) in km^2*sec^-2 at P is: 1.650910673355222E-08
-------------------------------------------------------------------

The first derivative       (Ux) in   km*sec^-2 at P is: 3.706047976832088E-08
The first derivative       (Uy) in   km*sec^-2 at P is:-3.803879506083279E-08
The first derivative       (Uz) in   km*sec^-2 at P is: 1.838923525282439E-14
-------------------------------------------------------------------

Length of the attraction vector in   km*sec^-2 at P is: 5.310771215500152E-08
phi   (angle to x-axis in degrees) :  45.74635
theta (angle to y-axis in degrees) : 135.74635
omega (angle to z-axis in degrees) :  89.99998

-------------------------------------------------------------------

The second  derivative    (Uxx) in     sec^-2 at P is: 9.466443702764365E-08
The second  derivative    (Uyy) in     sec^-2 at P is: 9.897553013266030E-08
The second  derivative    (Uzz) in     sec^-2 at P is:-1.936399671603038E-07

-------------------------------------------------------------------
The Laplace equation ( Uxx + Uyy + Uzz ) at P gives  : 1.852884572118782E-22
-------------------------------------------------------------------

The second  derivative    (Uxy) in     sec^-2 at P is:-2.520407036599355E-07
The second  derivative    (Uxz) in     sec^-2 at P is:-1.224410841429630E-08
The second  derivative    (Uyx) in     sec^-2 at P is:-2.520407036599355E-07
The second  derivative    (Uyz) in     sec^-2 at P is: 7.894234567517481E-09
The second  derivative    (Uzx) in     sec^-2 at P is:-1.224410841429630E-08
The second  derivative    (Uzy) in     sec^-2 at P is: 7.894234567517481E-09

-------------------------------------------------------------------

The Jacobi Constant (J) or (V) in km^2*sec^-2 at P is:-2.505887718253568E-08

-------------------------------------------------------------------

The Rotation Period in hours is: 4.297460000000000E+00
Density: 1.260000000000000E+12

